<?xml version="1.0" encoding="UTF-8"?>
<testsuite xmlns:xsi="http://www.w3.org/2001/XMLSchema-instance" xsi:noNamespaceSchemaLocation="https://maven.apache.org/surefire/maven-surefire-plugin/xsd/surefire-test-report.xsd" version="3.0.2" name="com.example.inventoryAuth.Service.StockTransferReceiptServiceTest" time="0.459" tests="19" errors="1" skipped="0" failures="0" flakes="0">
  <properties>
[...]
</properties>
  <testcase name="updateStockReceipt_success" classname="com.example.inventoryAuth.Service.StockTransferReceiptServiceTest" time="0.186"/>
  <testcase name="cancelStockReceipt_success" classname="com.example.inventoryAuth.Service.StockTransferReceiptServiceTest" time="0.005">
    <error message="Cannot invoke &quot;org.springframework.security.core.Authentication.getPrincipal()&quot; because the return value of &quot;org.springframework.security.core.context.SecurityContext.getAuthentication()&quot; is null" type="java.lang.NullPointerException"><![CDATA[java.lang.NullPointerException: Cannot invoke "org.springframework.security.core.Authentication.getPrincipal()" because the return value of "org.springframework.security.core.context.SecurityContext.getAuthentication()" is null
	at com.example.inventoryAuth.Service.StockTransferReceiptService.cancelStockReceipt(StockTransferReceiptService.java:393)
	at com.example.inventoryAuth.Service.StockTransferReceiptServiceTest.cancelStockReceipt_success(StockTransferReceiptServiceTest.java:882)
]]></error>
  </testcase>
  <testcase name="getCancelMsg_success" classname="com.example.inventoryAuth.Service.StockTransferReceiptServiceTest" time="0.007"/>
  <testcase name="saveStockReceipt_success" classname="com.example.inventoryAuth.Service.StockTransferReceiptServiceTest" time="0.007"/>
  <testcase name="populateItems_transferNotFound_shouldThrowException" classname="com.example.inventoryAuth.Service.StockTransferReceiptServiceTest" time="0.006"/>
  <testcase name="updateStockReceipt_itemNotFound_shouldThrowException" classname="com.example.inventoryAuth.Service.StockTransferReceiptServiceTest" time="0.004"/>
  <testcase name="updateStockReceipt_cancelled_shouldThrowException" classname="com.example.inventoryAuth.Service.StockTransferReceiptServiceTest" time="0.006"/>
  <testcase name="saveStockReceipt_transferNotFound_shouldThrowException" classname="com.example.inventoryAuth.Service.StockTransferReceiptServiceTest" time="0.009"/>
  <testcase name="saveStockReceipt_itemNotFound_shouldThrowException" classname="com.example.inventoryAuth.Service.StockTransferReceiptServiceTest" time="0.006"/>
  <testcase name="getStockTransferReceiptList_success" classname="com.example.inventoryAuth.Service.StockTransferReceiptServiceTest" time="0.095"/>
  <testcase name="updateStockReceipt_approved_shouldThrowException" classname="com.example.inventoryAuth.Service.StockTransferReceiptServiceTest" time="0.005"/>
  <testcase name="getCurrentUserLocation_success" classname="com.example.inventoryAuth.Service.StockTransferReceiptServiceTest" time="0.012"/>
  <testcase name="approveStockReceipt_success" classname="com.example.inventoryAuth.Service.StockTransferReceiptServiceTest" time="0.017"/>
  <testcase name="getCurrentUserLocation_userNotFound_shouldThrowException" classname="com.example.inventoryAuth.Service.StockTransferReceiptServiceTest" time="0.005"/>
  <testcase name="saveStockReceipt_grnItemNotFound_shouldThrowException" classname="com.example.inventoryAuth.Service.StockTransferReceiptServiceTest" time="0.013"/>
  <testcase name="approveStockReceipt_transferNotFound_shouldThrowException" classname="com.example.inventoryAuth.Service.StockTransferReceiptServiceTest" time="0.005"/>
  <testcase name="getStockTransferReceiptList_noData_shouldReturnEmptyList" classname="com.example.inventoryAuth.Service.StockTransferReceiptServiceTest" time="0.014"/>
  <testcase name="getStockTransferList_noData_shouldReturnEmptyList" classname="com.example.inventoryAuth.Service.StockTransferReceiptServiceTest" time="0.003"/>
  <testcase name="getStockTransferList_success" classname="com.example.inventoryAuth.Service.StockTransferReceiptServiceTest" time="0.009"/>
</testsuite>